Started GET "/" for 127.0.0.1 at 2017-11-17 23:06:26 -0600
Processing by Rails::WelcomeController#index as HTML
  Rendering /Users/sm/.rvm/gems/ruby-2.4.0/gems/railties-5.1.4/lib/rails/templates/rails/welcome/index.html.erb
  Rendered /Users/sm/.rvm/gems/ruby-2.4.0/gems/railties-5.1.4/lib/rails/templates/rails/welcome/index.html.erb (3.0ms)
Completed 200 OK in 277ms (Views: 7.3ms)


Started GET "/cable" for 127.0.0.1 at 2017-11-17 23:06:31 -0600
Started GET "/cable/" [WebSocket] for 127.0.0.1 at 2017-11-17 23:06:32 -0600
Successfully upgraded to WebSocket (REQUEST_METHOD: GET, HTTP_CONNECTION: Upgrade, HTTP_UPGRADE: websocket)
Subscription class not found: "MessagesChannel"
Subscription class not found: "NotificationsChannel"
Started GET "/cable" for 127.0.0.1 at 2017-11-17 23:07:03 -0600
Started GET "/cable/" [WebSocket] for 127.0.0.1 at 2017-11-17 23:07:03 -0600
Successfully upgraded to WebSocket (REQUEST_METHOD: GET, HTTP_CONNECTION: Upgrade, HTTP_UPGRADE: websocket)
Subscription class not found: "NotificationsChannel"
Subscription class not found: "MessagesChannel"
Started GET "/cable" for 127.0.0.1 at 2017-11-17 23:27:10 -0600
Started GET "/cable/" [WebSocket] for 127.0.0.1 at 2017-11-17 23:27:10 -0600
Successfully upgraded to WebSocket (REQUEST_METHOD: GET, HTTP_CONNECTION: Upgrade, HTTP_UPGRADE: websocket)
Subscription class not found: "MessagesChannel"
Subscription class not found: "NotificationsChannel"
Started GET "/pages/about" for 127.0.0.1 at 2017-11-17 23:27:13 -0600
Processing by PagesController#about as HTML
  Rendering pages/about.html.erb within layouts/application
  Rendered pages/about.html.erb within layouts/application (1.8ms)
Completed 200 OK in 12476ms (Views: 12451.2ms)


Started GET "/cable" for 127.0.0.1 at 2017-11-17 23:28:23 -0600
Started GET "/cable/" [WebSocket] for 127.0.0.1 at 2017-11-17 23:28:23 -0600
Successfully upgraded to WebSocket (REQUEST_METHOD: GET, HTTP_CONNECTION: Upgrade, HTTP_UPGRADE: websocket)
Subscription class not found: "MessagesChannel"
Subscription class not found: "NotificationsChannel"
Started GET "/pages/about" for 127.0.0.1 at 2017-11-17 23:31:45 -0600
Processing by PagesController#about as HTML
  Rendering pages/about.html.erb within layouts/application
  Rendered pages/about.html.erb within layouts/application (0.5ms)
  Rendered shared/_nav.html.erb (1.4ms)
  Rendered shared/_footer.html.erb (0.6ms)
Completed 200 OK in 131ms (Views: 125.8ms)


Started GET "/pages/about" for 127.0.0.1 at 2017-11-17 23:34:00 -0600
Processing by PagesController#about as HTML
  Rendering pages/about.html.erb within layouts/application
  Rendered pages/about.html.erb within layouts/application (0.4ms)
  Rendered shared/_nav.html.erb (0.7ms)
  Rendered shared/_footer.html.erb (0.8ms)
Completed 200 OK in 2315ms (Views: 2311.9ms)


Started GET "/pages/sass.html" for 127.0.0.1 at 2017-11-17 23:34:30 -0600
  
ActionController::RoutingError (No route matches [GET] "/pages/sass.html"):
  
actionpack (5.1.4) lib/action_dispatch/middleware/debug_exceptions.rb:63:in `call'
web-console (3.5.1) lib/web_console/middleware.rb:135:in `call_app'
web-console (3.5.1) lib/web_console/middleware.rb:28:in `block in call'
web-console (3.5.1) lib/web_console/middleware.rb:18:in `catch'
web-console (3.5.1) lib/web_console/middleware.rb:18:in `call'
actionpack (5.1.4) lib/action_dispatch/middleware/show_exceptions.rb:31:in `call'
railties (5.1.4) lib/rails/rack/logger.rb:36:in `call_app'
railties (5.1.4) lib/rails/rack/logger.rb:24:in `block in call'
activesupport (5.1.4) lib/active_support/tagged_logging.rb:69:in `block in tagged'
activesupport (5.1.4) lib/active_support/tagged_logging.rb:26:in `tagged'
activesupport (5.1.4) lib/active_support/tagged_logging.rb:69:in `tagged'
railties (5.1.4) lib/rails/rack/logger.rb:24:in `call'
sprockets-rails (3.2.1) lib/sprockets/rails/quiet_assets.rb:13:in `call'
actionpack (5.1.4) lib/action_dispatch/middleware/remote_ip.rb:79:in `call'
actionpack (5.1.4) lib/action_dispatch/middleware/request_id.rb:25:in `call'
rack (2.0.3) lib/rack/method_override.rb:22:in `call'
rack (2.0.3) lib/rack/runtime.rb:22:in `call'
activesupport (5.1.4) lib/active_support/cache/strategy/local_cache_middleware.rb:27:in `call'
actionpack (5.1.4) lib/action_dispatch/middleware/executor.rb:12:in `call'
actionpack (5.1.4) lib/action_dispatch/middleware/static.rb:125:in `call'
rack (2.0.3) lib/rack/sendfile.rb:111:in `call'
railties (5.1.4) lib/rails/engine.rb:522:in `call'
puma (3.10.0) lib/puma/configuration.rb:225:in `call'
puma (3.10.0) lib/puma/server.rb:605:in `handle_request'
puma (3.10.0) lib/puma/server.rb:437:in `process_client'
puma (3.10.0) lib/puma/server.rb:301:in `block in run'
puma (3.10.0) lib/puma/thread_pool.rb:120:in `block in spawn_thread'
Started GET "/pages/about" for 127.0.0.1 at 2017-11-17 23:34:37 -0600
Processing by PagesController#about as HTML
  Rendering pages/about.html.erb within layouts/application
  Rendered pages/about.html.erb within layouts/application (0.5ms)
  Rendered shared/_nav.html.erb (0.5ms)
  Rendered shared/_footer.html.erb (0.3ms)
Completed 200 OK in 147ms (Views: 143.9ms)


Started GET "/pages/about" for 127.0.0.1 at 2017-11-17 23:38:02 -0600
Processing by PagesController#about as HTML
  Rendering pages/about.html.erb within layouts/application
  Rendered pages/about.html.erb within layouts/application (0.7ms)
  Rendered shared/_nav.html.erb (0.6ms)
  Rendered shared/_footer.html.erb (0.4ms)
Completed 200 OK in 143ms (Views: 140.5ms)


Started GET "/pages/about" for 127.0.0.1 at 2017-11-17 23:47:39 -0600
Processing by PagesController#about as HTML
  Rendering pages/about.html.erb within layouts/application
  Rendered pages/about.html.erb within layouts/application (0.4ms)
  Rendered shared/_nav.html.erb (0.4ms)
  Rendered shared/_footer.html.erb (0.6ms)
Completed 500 Internal Server Error in 275ms


  
SyntaxError (/Users/sm/code/projects/RubyOnRails/konnectU/app/views/shared/_footer.html.erb:22: syntax error, unexpected tIDENTIFIER, expecting ')'
to "About Us" pages_about_path, class: "grey-text text-light
                              ^):
  
app/views/shared/_footer.html.erb:22: syntax error, unexpected tIDENTIFIER, expecting ')'
app/views/layouts/application.html.erb:22:in `_app_views_layouts_application_html_erb___1093675529992557693_70213291350280'
Started GET "/pages/about" for 127.0.0.1 at 2017-11-17 23:47:59 -0600
Processing by PagesController#about as HTML
  Rendering pages/about.html.erb within layouts/application
  Rendered pages/about.html.erb within layouts/application (0.5ms)
  Rendered shared/_nav.html.erb (0.4ms)
  Rendered shared/_footer.html.erb (8.0ms)
Completed 200 OK in 347ms (Views: 343.8ms)


Started GET "/pages/about" for 127.0.0.1 at 2017-11-17 23:49:02 -0600
Processing by PagesController#about as HTML
  Rendering pages/about.html.erb within layouts/application
  Rendered pages/about.html.erb within layouts/application (0.4ms)
  Rendered shared/_nav.html.erb (0.3ms)
  Rendered shared/_footer.html.erb (0.8ms)
Completed 200 OK in 86ms (Views: 82.1ms)


Started GET "/pages/about" for 127.0.0.1 at 2017-11-17 23:49:38 -0600
Processing by PagesController#about as HTML
  Rendering pages/about.html.erb within layouts/application
  Rendered pages/about.html.erb within layouts/application (0.4ms)
  Rendered shared/_nav.html.erb (0.3ms)
  Rendered shared/_footer.html.erb (0.5ms)
Completed 200 OK in 79ms (Views: 76.6ms)


Started GET "/pages/about" for 127.0.0.1 at 2017-11-17 23:50:14 -0600
Processing by PagesController#about as HTML
  Rendering pages/about.html.erb within layouts/application
  Rendered pages/about.html.erb within layouts/application (0.3ms)
  Rendered shared/_nav.html.erb (0.4ms)
  Rendered shared/_footer.html.erb (1.1ms)
Completed 200 OK in 60ms (Views: 58.7ms)


Started GET "/pages/about" for 127.0.0.1 at 2017-11-17 23:50:30 -0600
Processing by PagesController#about as HTML
  Rendering pages/about.html.erb within layouts/application
  Rendered pages/about.html.erb within layouts/application (0.5ms)
  Rendered shared/_nav.html.erb (0.4ms)
  Rendered shared/_footer.html.erb (0.7ms)
Completed 200 OK in 84ms (Views: 81.0ms)


Started GET "/pages/about" for 127.0.0.1 at 2017-11-17 23:51:05 -0600
Processing by PagesController#about as HTML
  Rendering pages/about.html.erb within layouts/application
  Rendered pages/about.html.erb within layouts/application (0.5ms)
  Rendered shared/_nav.html.erb (0.3ms)
  Rendered shared/_footer.html.erb (0.5ms)
Completed 200 OK in 361ms (Views: 357.3ms)


Started GET "/pages/about" for 127.0.0.1 at 2017-11-17 23:51:09 -0600
Processing by PagesController#about as HTML
  Rendering pages/about.html.erb within layouts/application
  Rendered pages/about.html.erb within layouts/application (0.5ms)
  Rendered shared/_nav.html.erb (0.5ms)
  Rendered shared/_footer.html.erb (0.7ms)
Completed 200 OK in 278ms (Views: 275.0ms)


Started GET "/pages/about" for 127.0.0.1 at 2017-11-17 23:56:00 -0600
Processing by PagesController#about as HTML
  Rendering pages/about.html.erb within layouts/application
  Rendered pages/about.html.erb within layouts/application (0.4ms)
  Rendered shared/_nav.html.erb (0.3ms)
  Rendered shared/_footer.html.erb (0.3ms)
Completed 200 OK in 159ms (Views: 155.7ms)


Started GET "/pages/about" for 127.0.0.1 at 2017-11-17 23:56:05 -0600
Processing by PagesController#about as HTML
  Rendering pages/about.html.erb within layouts/application
  Rendered pages/about.html.erb within layouts/application (0.4ms)
  Rendered shared/_nav.html.erb (0.5ms)
  Rendered shared/_footer.html.erb (0.8ms)
Completed 200 OK in 112ms (Views: 109.9ms)


Started GET "/pages/about" for 127.0.0.1 at 2017-11-17 23:57:41 -0600
Processing by PagesController#about as HTML
  Rendering pages/about.html.erb within layouts/application
  Rendered pages/about.html.erb within layouts/application (1.2ms)
  Rendered shared/_nav.html.erb (0.5ms)
  Rendered shared/_footer.html.erb (0.5ms)
Completed 200 OK in 70ms (Views: 67.3ms)


Started GET "/pages/about" for 127.0.0.1 at 2017-11-17 23:59:44 -0600
Processing by PagesController#about as HTML
  Rendering pages/about.html.erb within layouts/application
  Rendered pages/about.html.erb within layouts/application (0.5ms)
  Rendered shared/_nav.html.erb (0.5ms)
  Rendered shared/_footer.html.erb (1.9ms)
Completed 200 OK in 193ms (Views: 186.9ms)


Started GET "/pages/about" for 127.0.0.1 at 2017-11-18 00:03:34 -0600
Processing by PagesController#about as HTML
  Rendering pages/about.html.erb within layouts/application
  Rendered pages/about.html.erb within layouts/application (0.5ms)
  Rendered shared/_nav.html.erb (0.3ms)
  Rendered shared/_footer.html.erb (0.5ms)
Completed 200 OK in 216ms (Views: 211.9ms)


Started GET "/pages/about" for 127.0.0.1 at 2017-11-18 00:03:41 -0600
Processing by PagesController#about as HTML
  Rendering pages/about.html.erb within layouts/application
  Rendered pages/about.html.erb within layouts/application (0.6ms)
  Rendered shared/_nav.html.erb (0.5ms)
  Rendered shared/_footer.html.erb (29.7ms)
Completed 200 OK in 255ms (Views: 250.5ms)


Finished "/cable/" [WebSocket] for 127.0.0.1 at 2017-11-18 02:16:01 -0600
Started GET "/cable" for 127.0.0.1 at 2017-11-18 02:16:01 -0600
Started GET "/cable/" [WebSocket] for 127.0.0.1 at 2017-11-18 02:16:01 -0600
Successfully upgraded to WebSocket (REQUEST_METHOD: GET, HTTP_CONNECTION: Upgrade, HTTP_UPGRADE: websocket)
Subscription class not found: "NotificationsChannel"
Subscription class not found: "MessagesChannel"
Finished "/cable/" [WebSocket] for 127.0.0.1 at 2017-11-18 06:16:11 -0600
Started GET "/cable" for 127.0.0.1 at 2017-11-18 06:16:12 -0600
Started GET "/cable/" [WebSocket] for 127.0.0.1 at 2017-11-18 06:16:12 -0600
Successfully upgraded to WebSocket (REQUEST_METHOD: GET, HTTP_CONNECTION: Upgrade, HTTP_UPGRADE: websocket)
Subscription class not found: "NotificationsChannel"
Subscription class not found: "MessagesChannel"
Finished "/cable/" [WebSocket] for 127.0.0.1 at 2017-11-18 09:35:59 -0600
Started GET "/cable" for 127.0.0.1 at 2017-11-18 09:35:59 -0600
Started GET "/cable/" [WebSocket] for 127.0.0.1 at 2017-11-18 09:35:59 -0600
Successfully upgraded to WebSocket (REQUEST_METHOD: GET, HTTP_CONNECTION: Upgrade, HTTP_UPGRADE: websocket)
Subscription class not found: "MessagesChannel"
Subscription class not found: "NotificationsChannel"
Finished "/cable/" [WebSocket] for 127.0.0.1 at 2017-11-18 11:36:05 -0600
Started GET "/cable" for 127.0.0.1 at 2017-11-18 11:36:06 -0600
Started GET "/cable/" [WebSocket] for 127.0.0.1 at 2017-11-18 11:36:06 -0600
Successfully upgraded to WebSocket (REQUEST_METHOD: GET, HTTP_CONNECTION: Upgrade, HTTP_UPGRADE: websocket)
Subscription class not found: "MessagesChannel"
Subscription class not found: "NotificationsChannel"
Finished "/cable/" [WebSocket] for 127.0.0.1 at 2017-11-18 13:57:53 -0600
Started GET "/cable" for 127.0.0.1 at 2017-11-18 13:57:54 -0600
Started GET "/cable/" [WebSocket] for 127.0.0.1 at 2017-11-18 13:57:54 -0600
Successfully upgraded to WebSocket (REQUEST_METHOD: GET, HTTP_CONNECTION: Upgrade, HTTP_UPGRADE: websocket)
Subscription class not found: "MessagesChannel"
Subscription class not found: "NotificationsChannel"
Finished "/cable/" [WebSocket] for 127.0.0.1 at 2017-11-18 13:58:27 -0600
Finished "/cable/" [WebSocket] for 127.0.0.1 at 2017-11-18 13:58:27 -0600
Started GET "/cable" for 127.0.0.1 at 2017-11-18 13:58:27 -0600
Started GET "/cable/" [WebSocket] for 127.0.0.1 at 2017-11-18 13:58:27 -0600
Successfully upgraded to WebSocket (REQUEST_METHOD: GET, HTTP_CONNECTION: Upgrade, HTTP_UPGRADE: websocket)
Subscription class not found: "MessagesChannel"
Subscription class not found: "NotificationsChannel"
Started GET "/pages/about" for 127.0.0.1 at 2017-11-18 14:31:12 -0600
Processing by PagesController#about as HTML
  Rendering pages/about.html.erb within layouts/application
  Rendered pages/about.html.erb within layouts/application (2.5ms)
  Rendered shared/_nav.html.erb (1.9ms)
  Rendered shared/_footer.html.erb (3.6ms)
Completed 200 OK in 322ms (Views: 310.8ms)


Started GET "/" for 127.0.0.1 at 2017-11-30 21:14:18 -0600
Processing by Rails::WelcomeController#index as HTML
  Rendering /Users/sm/.rvm/gems/ruby-2.4.0/gems/railties-5.1.4/lib/rails/templates/rails/welcome/index.html.erb
  Rendered /Users/sm/.rvm/gems/ruby-2.4.0/gems/railties-5.1.4/lib/rails/templates/rails/welcome/index.html.erb (3.7ms)
Completed 200 OK in 281ms (Views: 10.1ms)


Started GET "/pages/about" for 127.0.0.1 at 2017-11-30 21:15:03 -0600
Processing by PagesController#about as HTML
  Rendering pages/about.html.erb within layouts/application
  Rendered pages/about.html.erb within layouts/application (0.4ms)
  Rendered shared/_nav.html.erb (0.4ms)
  Rendered shared/_footer.html.erb (0.7ms)
Completed 200 OK in 558ms (Views: 554.0ms)


  [1m[35m (11.2ms)[0m  [1m[35mCREATE TABLE "schema_migrations" ("version" character varying NOT NULL PRIMARY KEY)[0m
  [1m[35m (2.6ms)[0m  [1m[35mCREATE TABLE "ar_internal_metadata" ("key" character varying NOT NULL PRIMARY KEY, "value" character varying, "created_at" timestamp NOT NULL, "updated_at" timestamp NOT NULL)[0m
  [1m[35m (0.6ms)[0m  [1m[34mSELECT pg_try_advisory_lock(7857623001116905275)[0m
  [1m[35m (0.6ms)[0m  [1m[34mSELECT "schema_migrations"."version" FROM "schema_migrations" ORDER BY "schema_migrations"."version" ASC[0m
Migrating to DeviseCreateUsers (20171201032139)
  [1m[35m (0.1ms)[0m  [1m[35mBEGIN[0m
  [1m[35m (4.1ms)[0m  [1m[35mCREATE TABLE "users" ("id" bigserial primary key, "email" character varying DEFAULT '' NOT NULL, "encrypted_password" character varying DEFAULT '' NOT NULL, "reset_password_token" character varying, "reset_password_sent_at" timestamp, "remember_created_at" timestamp, "sign_in_count" integer DEFAULT 0 NOT NULL, "current_sign_in_at" timestamp, "last_sign_in_at" timestamp, "current_sign_in_ip" inet, "last_sign_in_ip" inet, "created_at" timestamp NOT NULL, "updated_at" timestamp NOT NULL)[0m
  [1m[35m (1.0ms)[0m  [1m[35mCREATE UNIQUE INDEX  "index_users_on_email" ON "users"  ("email")[0m
  [1m[35m (0.9ms)[0m  [1m[35mCREATE UNIQUE INDEX  "index_users_on_reset_password_token" ON "users"  ("reset_password_token")[0m
  [1m[35mSQL (0.5ms)[0m  [1m[32mINSERT INTO "schema_migrations" ("version") VALUES ($1) RETURNING "version"[0m  [["version", "20171201032139"]]
  [1m[35m (0.5ms)[0m  [1m[35mCOMMIT[0m
  [1m[36mActiveRecord::InternalMetadata Load (0.3ms)[0m  [1m[34mSELECT  "ar_internal_metadata".* FROM "ar_internal_metadata" WHERE "ar_internal_metadata"."key" = $1 LIMIT $2[0m  [["key", "environment"], ["LIMIT", 1]]
  [1m[35m (0.2ms)[0m  [1m[35mBEGIN[0m
  [1m[35mSQL (1.0ms)[0m  [1m[32mINSERT INTO "ar_internal_metadata" ("key", "value", "created_at", "updated_at") VALUES ($1, $2, $3, $4) RETURNING "key"[0m  [["key", "environment"], ["value", "development"], ["created_at", "2017-12-01 03:22:23.524513"], ["updated_at", "2017-12-01 03:22:23.524513"]]
  [1m[35m (0.5ms)[0m  [1m[35mCOMMIT[0m
  [1m[35m (0.2ms)[0m  [1m[34mSELECT pg_advisory_unlock(7857623001116905275)[0m
  [1m[35m (0.6ms)[0m  [1m[34mSELECT "schema_migrations"."version" FROM "schema_migrations" ORDER BY "schema_migrations"."version" ASC[0m
Started GET "/users/sign_in" for 127.0.0.1 at 2017-11-30 21:24:07 -0600
  [1m[35m (0.5ms)[0m  [1m[34mSELECT "schema_migrations"."version" FROM "schema_migrations" ORDER BY "schema_migrations"."version" ASC[0m
Processing by Devise::SessionsController#new as HTML
  Rendering devise/sessions/new.html.erb within layouts/application
  Rendered devise/shared/_links.html.erb (0.9ms)
  Rendered devise/sessions/new.html.erb within layouts/application (29.8ms)
  Rendered shared/_nav.html.erb (0.6ms)
  Rendered shared/_footer.html.erb (0.7ms)
Completed 200 OK in 413ms (Views: 371.9ms | ActiveRecord: 4.8ms)


Started GET "/users/password/new" for 127.0.0.1 at 2017-11-30 21:24:22 -0600
Processing by Devise::PasswordsController#new as HTML
  Rendering devise/passwords/new.html.erb within layouts/application
  Rendered devise/shared/_links.html.erb (43.1ms)
  Rendered devise/passwords/new.html.erb within layouts/application (56.4ms)
  Rendered shared/_nav.html.erb (0.5ms)
  Rendered shared/_footer.html.erb (0.7ms)
Completed 200 OK in 296ms (Views: 291.2ms | ActiveRecord: 0.0ms)


Started GET "/users/password/new" for 127.0.0.1 at 2017-11-30 21:36:00 -0600
Processing by Devise::PasswordsController#new as HTML
  Rendering devise/passwords/new.html.erb within layouts/application
  Rendered devise/shared/_links.html.erb (1.0ms)
  Rendered devise/passwords/new.html.erb within layouts/application (4.8ms)
  Rendered shared/_nav.html.erb (1.9ms)
  Rendered shared/_footer.html.erb (0.7ms)
Completed 200 OK in 91ms (Views: 82.5ms | ActiveRecord: 0.0ms)


Started GET "/users/sign_up" for 127.0.0.1 at 2017-11-30 21:36:11 -0600
Processing by Devise::RegistrationsController#new as HTML
  Rendering devise/registrations/new.html.erb within layouts/application
  Rendered devise/shared/_links.html.erb (1.9ms)
  Rendered devise/registrations/new.html.erb within layouts/application (14.0ms)
  Rendered shared/_nav.html.erb (2.8ms)
  Rendered shared/_footer.html.erb (0.9ms)
Completed 200 OK in 163ms (Views: 160.9ms | ActiveRecord: 0.0ms)


Started POST "/users" for 127.0.0.1 at 2017-11-30 21:37:09 -0600
Processing by Devise::RegistrationsController#create as HTML
  Parameters: {"utf8"=>"✓", "authenticity_token"=>"7e6rYdqV68L6MHBCq99gTZQ0LoAlvThKowi4M0cKcBceqsWj8xwb8w5ZUFvx8buGFkGzWILCzDOTuvFsNrhDAw==", "user"=>{"email"=>"saidmaadan@gmail.com", "password"=>"[FILTERED]", "password_confirmation"=>"[FILTERED]"}, "commit"=>"Sign up"}
  [1m[35m (0.2ms)[0m  [1m[35mBEGIN[0m
  [1m[36mUser Exists (3.3ms)[0m  [1m[34mSELECT  1 AS one FROM "users" WHERE "users"."email" = $1 LIMIT $2[0m  [["email", "saidmaadan@gmail.com"], ["LIMIT", 1]]
  [1m[35mSQL (1.2ms)[0m  [1m[32mINSERT INTO "users" ("email", "encrypted_password", "created_at", "updated_at") VALUES ($1, $2, $3, $4) RETURNING "id"[0m  [["email", "saidmaadan@gmail.com"], ["encrypted_password", "$2a$11$ltccgAB1L5hHgYJW2.J4rukDxkp2RQsQek0dVEfPM7AtaK2obXZIO"], ["created_at", "2017-12-01 03:37:09.873935"], ["updated_at", "2017-12-01 03:37:09.873935"]]
  [1m[35m (0.7ms)[0m  [1m[35mCOMMIT[0m
  [1m[35m (0.1ms)[0m  [1m[35mBEGIN[0m
  [1m[35mSQL (1.0ms)[0m  [1m[33mUPDATE "users" SET "sign_in_count" = $1, "current_sign_in_at" = $2, "last_sign_in_at" = $3, "current_sign_in_ip" = $4, "last_sign_in_ip" = $5, "updated_at" = $6 WHERE "users"."id" = $7[0m  [["sign_in_count", 1], ["current_sign_in_at", "2017-12-01 03:37:09.878308"], ["last_sign_in_at", "2017-12-01 03:37:09.878308"], ["current_sign_in_ip", "127.0.0.1/32"], ["last_sign_in_ip", "127.0.0.1/32"], ["updated_at", "2017-12-01 03:37:09.879002"], ["id", 1]]
  [1m[35m (4.8ms)[0m  [1m[35mCOMMIT[0m
Redirected to http://localhost:3000/
Completed 302 Found in 209ms (ActiveRecord: 11.2ms)


Started GET "/" for 127.0.0.1 at 2017-11-30 21:37:09 -0600
Processing by Rails::WelcomeController#index as HTML
  Rendering /Users/sm/.rvm/gems/ruby-2.4.0/gems/railties-5.1.4/lib/rails/templates/rails/welcome/index.html.erb
  Rendered /Users/sm/.rvm/gems/ruby-2.4.0/gems/railties-5.1.4/lib/rails/templates/rails/welcome/index.html.erb (3.9ms)
Completed 200 OK in 10ms (Views: 7.1ms | ActiveRecord: 0.0ms)


Started GET "/pages/about" for 127.0.0.1 at 2017-11-30 21:37:30 -0600
Processing by PagesController#about as HTML
  Rendering pages/about.html.erb within layouts/application
  Rendered pages/about.html.erb within layouts/application (0.5ms)
  [1m[36mUser Load (1.8ms)[0m  [1m[34mSELECT  "users".* FROM "users" WHERE "users"."id" = $1 ORDER BY "users"."id" ASC LIMIT $2[0m  [["id", 1], ["LIMIT", 1]]
  Rendered shared/_nav.html.erb (7.7ms)
  Rendered shared/_footer.html.erb (0.7ms)
Completed 200 OK in 120ms (Views: 114.4ms | ActiveRecord: 1.8ms)


Started GET "/pages/about" for 127.0.0.1 at 2017-11-30 21:39:36 -0600
Processing by PagesController#about as HTML
  Rendering pages/about.html.erb within layouts/application
  Rendered pages/about.html.erb within layouts/application (0.4ms)
  [1m[36mUser Load (0.6ms)[0m  [1m[34mSELECT  "users".* FROM "users" WHERE "users"."id" = $1 ORDER BY "users"."id" ASC LIMIT $2[0m  [["id", 1], ["LIMIT", 1]]
  Rendered shared/_nav.html.erb (4.8ms)
  Rendered shared/_footer.html.erb (0.9ms)
Completed 200 OK in 87ms (Views: 83.3ms | ActiveRecord: 0.6ms)


Started GET "/pages/about" for 127.0.0.1 at 2017-11-30 21:47:54 -0600
Processing by PagesController#about as HTML
  Rendering pages/about.html.erb within layouts/application
  Rendered pages/about.html.erb within layouts/application (0.4ms)
  [1m[36mUser Load (0.5ms)[0m  [1m[34mSELECT  "users".* FROM "users" WHERE "users"."id" = $1 ORDER BY "users"."id" ASC LIMIT $2[0m  [["id", 1], ["LIMIT", 1]]
  Rendered shared/_nav.html.erb (3.8ms)
  Rendered shared/_message.html.erb (0.4ms)
  Rendered shared/_footer.html.erb (0.7ms)
Completed 200 OK in 99ms (Views: 94.0ms | ActiveRecord: 0.5ms)


Started GET "/pages/about" for 127.0.0.1 at 2017-11-30 21:47:58 -0600
Processing by PagesController#about as HTML
  Rendering pages/about.html.erb within layouts/application
  Rendered pages/about.html.erb within layouts/application (0.3ms)
  [1m[36mUser Load (0.3ms)[0m  [1m[34mSELECT  "users".* FROM "users" WHERE "users"."id" = $1 ORDER BY "users"."id" ASC LIMIT $2[0m  [["id", 1], ["LIMIT", 1]]
  Rendered shared/_nav.html.erb (2.4ms)
  Rendered shared/_message.html.erb (0.3ms)
  Rendered shared/_footer.html.erb (0.6ms)
Completed 200 OK in 76ms (Views: 72.0ms | ActiveRecord: 0.3ms)


Started GET "/pages/about" for 127.0.0.1 at 2017-11-30 21:49:08 -0600
Processing by PagesController#about as HTML
  Rendering pages/about.html.erb within layouts/application
  Rendered pages/about.html.erb within layouts/application (0.6ms)
  [1m[36mUser Load (0.3ms)[0m  [1m[34mSELECT  "users".* FROM "users" WHERE "users"."id" = $1 ORDER BY "users"."id" ASC LIMIT $2[0m  [["id", 1], ["LIMIT", 1]]
  Rendered shared/_nav.html.erb (2.8ms)
  Rendered shared/_message.html.erb (0.3ms)
  Rendered shared/_footer.html.erb (0.5ms)
Completed 200 OK in 89ms (Views: 83.9ms | ActiveRecord: 0.3ms)


